15:29:16.090 - core.remoteClient.protokol.version1 - 452- 12561 - ERROR - can't open socket to remote core 192.168.3.70
15:29:16.094 -   core.remoteClient.exceptions - 22- 12561 - CRITICAL - can't work on queue for client to core core@rasp-heizung
15:29:19.700 - gateways.homematic.hm_RPCCallback - 116- 12561 - ERROR - call listDevices for interfaceID hmc-WIR
15:29:19.732 - gateways.homematic.hm_RPCCallback - 116- 12561 - ERROR - call listDevices for interfaceID hmc-RF
15:38:06.464 -   core.remoteClient.exceptions - 58- 12561 - CRITICAL - result have error message::can't unserial data
15:38:07.484 -                       __main__ - 73- 12561 - CRITICAL - Signal handler called with signal:2 frame:<frame object at 0x76a92ae0>
15:38:07.485 -                       __main__ - 113- 12561 - CRITICAL - control C press!!,system going down !!
15:38:07.486 -                       __main__ - 117- 12561 - CRITICAL - system going down !!
15:38:07.491 -       core.remoteClient.client - 80- 12561 - CRITICAL - shutdown down remote client core@rasp-heizung
15:38:07.494 -       core.remoteClient.server - 116- 12561 - CRITICAL - shutdown remote server core@rasp-hmc
15:38:07.499 -                  core.gateways - 153- 12561 - CRITICAL - shutdown gateway homematic-WIR@rasp-hmc
15:38:07.501 -                  core.gateways - 153- 12561 - CRITICAL - shutdown gateway homematic-RF@rasp-hmc
15:38:07.505 -      gateways.homematic.hm_RPC - 99- 12561 - CRITICAL - homematic-WIR@rasp-hmc gateway shutdown
15:38:07.506 -      gateways.homematic.hm_RPC - 99- 12561 - CRITICAL - homematic-RF@rasp-hmc gateway shutdown
15:38:07.572 -      gateways.homematic.hm_RPC - 92- 12561 - CRITICAL - gateways.homematic.hm_RPC normally stop:
15:38:07.578 -      gateways.homematic.hm_RPC - 92- 12561 - CRITICAL - gateways.homematic.hm_RPC normally stop:
15:38:07.595 -   core.remoteClient.exceptions - 40- 12561 - CRITICAL - can't unserial data
15:38:07.655 -       core.remoteClient.server - 107- 12561 - ERROR - can't unserial data
15:38:12.256 -                       __main__ - 120- 12561 - CRITICAL - system is finally down !!
15:38:12.257 -                       __main__ - 123- 12561 - CRITICAL - control C press!!,system going down !!
